The system is: Windows - 10.0.17763 - AMD64
Compiling the CXX compiler identification source file "CMakeCXXCompilerId.cpp" succeeded.
Compiler:  
Build flags: 
Id flags:  

The output was:
0
MSBuild version 17.5.1+f6fdcf537 for .NET Framework
Build started Tuesday/4/7 10:52.
Included response file: D:\Visual_Studio_2022\program\MSBuild\Current\Bin\amd64\MSBuild.rsp

Project "C:\Users\Administrator\Documents\VScode repository\Qt6_CPlusPlus_Learning\My_Source_Code\chapter_02_GUIBasics\samp_2-5_CMakeGUI-VisualStudio\build\CMakeFiles\3.24.2\CompilerIdCXX\CompilerIdCXX.vcxproj" on node 1 (default targets).
PrepareForBuild:
  Creating directory "Debug\".
  Creating directory "Debug\CompilerIdCXX.tlog\".
InitializeBuildStatus:
  Creating "Debug\CompilerIdCXX.tlog\unsuccessfulbuild" because "AlwaysCreate" was specified.
ClCompile:
  D:\Visual_Studio_2022\program\VC\Tools\MSVC\14.35.32215\bin\HostX64\x64\CL.exe /c /nologo /W0 /WX- /diagnostics:column /Od /D _MBCS /Gm- /EHsc /RTC1 /MDd /GS /fp:precise /Zc:wchar_t /Zc:forScope /Zc:inline /Fo"Debug\\" /Fd"Debug\vc143.pdb" /external:W0 /Gd /TP /FC /errorReport:queue CMakeCXXCompilerId.cpp
  CMakeCXXCompilerId.cpp
Link:
  D:\Visual_Studio_2022\program\VC\Tools\MSVC\14.35.32215\bin\HostX64\x64\link.exe /ERRORREPORT:QUEUE /OUT:".\CompilerIdCXX.exe" /INCREMENTAL:NO /NOLOGO kernel32.lib user32.lib gdi32.lib winspool.lib comdlg32.lib advapi32.lib shell32.lib ole32.lib oleaut32.lib uuid.lib odbc32.lib odbccp32.lib /MANIFEST /MANIFESTUAC:"level='asInvoker' uiAccess='false'" /manifest:embed /PDB:".\CompilerIdCXX.pdb" /SUBSYSTEM:CONSOLE /TLBID:1 /DYNAMICBASE /NXCOMPAT /IMPLIB:".\CompilerIdCXX.lib" /MACHINE:X64 Debug\CMakeCXXCompilerId.obj
  CompilerIdCXX.vcxproj -> C:\Users\Administrator\Documents\VScode repository\Qt6_CPlusPlus_Learning\My_Source_Code\chapter_02_GUIBasics\samp_2-5_CMakeGUI-VisualStudio\build\CMakeFiles\3.24.2\CompilerIdCXX\CompilerIdCXX.exe
PostBuildEvent:
  for %%i in (cl.exe) do @echo CMAKE_CXX_COMPILER=%%~$PATH:i
  :VCEnd
  CMAKE_CXX_COMPILER=D:\Visual_Studio_2022\program\VC\Tools\MSVC\14.35.32215\bin\Hostx64\x64\cl.exe
FinalizeBuildStatus:
  Deleting file "Debug\CompilerIdCXX.tlog\unsuccessfulbuild".
  Touching "Debug\CompilerIdCXX.tlog\CompilerIdCXX.lastbuildstate".
Done Building Project "C:\Users\Administrator\Documents\VScode repository\Qt6_CPlusPlus_Learning\My_Source_Code\chapter_02_GUIBasics\samp_2-5_CMakeGUI-VisualStudio\build\CMakeFiles\3.24.2\CompilerIdCXX\CompilerIdCXX.vcxproj" (default targets).

Build succeeded.
    0 Warning(s)
    0 Error(s)

Time Elapsed 00:00:00.67


Compilation of the CXX compiler identification source "CMakeCXXCompilerId.cpp" produced "CompilerIdCXX.exe"

Compilation of the CXX compiler identification source "CMakeCXXCompilerId.cpp" produced "CompilerIdCXX.vcxproj"

The CXX compiler identification is MSVC, found in "C:/Users/Administrator/Documents/VScode repository/Qt6_CPlusPlus_Learning/My_Source_Code/chapter_02_GUIBasics/samp_2-5_CMakeGUI-VisualStudio/build/CMakeFiles/3.24.2/CompilerIdCXX/CompilerIdCXX.exe"

Detecting CXX compiler ABI info compiled with the following output:
Change Dir: C:/Users/Administrator/Documents/VScode repository/Qt6_CPlusPlus_Learning/My_Source_Code/chapter_02_GUIBasics/samp_2-5_CMakeGUI-VisualStudio/build/CMakeFiles/CMakeTmp

Run Build Command(s):D:/Visual_Studio_2022/program/MSBuild/Current/Bin/amd64/MSBuild.exe cmTC_2a665.vcxproj /p:Configuration=Debug /p:Platform=x64 /p:VisualStudioVersion=17.0 /v:m && MSBuild version 17.5.1+f6fdcf537 for .NET Framework

  用于 x64 的 Microsoft (R) C/C++ 优化编译器 19.35.32217.1 版
  CMakeCXXCompilerABI.cpp
  版权所有(C) Microsoft Corporation。保留所有权利。
  cl /c /Zi /W3 /WX- /diagnostics:column /Od /Ob0 /D _MBCS /D WIN32 /D _WINDOWS /D "CMAKE_INTDIR=\"Debug\"" /Gm- /EHsc /RTC1 /MDd /GS /fp:precise /Zc:wchar_t /Zc:forScope /Zc:inline /GR /Fo"cmTC_2a665.dir\Debug\\" /Fd"cmTC_2a665.dir\Debug\vc143.pdb" /external:W3 /Gd /TP /errorReport:queue "D:\Qt\program\Tools\CMake_64\share\cmake-3.24\Modules\CMakeCXXCompilerABI.cpp"
  cmTC_2a665.vcxproj -> C:\Users\Administrator\Documents\VScode repository\Qt6_CPlusPlus_Learning\My_Source_Code\chapter_02_GUIBasics\samp_2-5_CMakeGUI-VisualStudio\build\CMakeFiles\CMakeTmp\Debug\cmTC_2a665.exe



Performing C++ SOURCE FILE Test HAVE_STDATOMIC succeeded with the following output:
Change Dir: C:/Users/Administrator/Documents/VScode repository/Qt6_CPlusPlus_Learning/My_Source_Code/chapter_02_GUIBasics/samp_2-5_CMakeGUI-VisualStudio/build/CMakeFiles/CMakeTmp

Run Build Command(s):D:/Visual_Studio_2022/program/MSBuild/Current/Bin/amd64/MSBuild.exe cmTC_1f772.vcxproj /p:Configuration=Debug /p:Platform=x64 /p:VisualStudioVersion=17.0 /v:m && MSBuild version 17.5.1+f6fdcf537 for .NET Framework

  用于 x64 的 Microsoft (R) C/C++ 优化编译器 19.35.32217.1 版
  src.cxx
  版权所有(C) Microsoft Corporation。保留所有权利。
  cl /c /Zi /W3 /WX- /diagnostics:column /Od /Ob0 /D _MBCS /D WIN32 /D _WINDOWS /D HAVE_STDATOMIC /D "CMAKE_INTDIR=\"Debug\"" /Gm- /EHsc /RTC1 /MDd /GS /fp:precise /Zc:wchar_t /Zc:forScope /Zc:inline /GR /std:c++17 /Fo"cmTC_1f772.dir\Debug\\" /Fd"cmTC_1f772.dir\Debug\vc143.pdb" /external:W3 /Gd /TP /errorReport:queue "C:\Users\Administrator\Documents\VScode repository\Qt6_CPlusPlus_Learning\My_Source_Code\chapter_02_GUIBasics\samp_2-5_CMakeGUI-VisualStudio\build\CMakeFiles\CMakeTmp\src.cxx"
  cmTC_1f772.vcxproj -> C:\Users\Administrator\Documents\VScode repository\Qt6_CPlusPlus_Learning\My_Source_Code\chapter_02_GUIBasics\samp_2-5_CMakeGUI-VisualStudio\build\CMakeFiles\CMakeTmp\Debug\cmTC_1f772.exe


Source file was:
#include <atomic>
#include <cstdint>

int main(int, char **)
{
    volatile std::atomic<char>    size_1;
    volatile std::atomic<short>   size_2;
    volatile std::atomic<int>     size_4;
    volatile std::atomic<int64_t> size_8;

    ++size_1;
    ++size_2;
    ++size_4;
    ++size_8;

    (void)size_1.load(std::memory_order_relaxed);
    (void)size_2.load(std::memory_order_relaxed);
    (void)size_4.load(std::memory_order_relaxed);
    (void)size_8.load(std::memory_order_relaxed);

    return 0;
}
